2025-07-20 20:18:34, MOVE, v:1, k:toalha, mode:DOWN
2025-07-20 20:18:38, MOVE, v:1, k:toalha, mode:PICK
2025-07-20 20:18:40, EXEC, v:1, k:toalha, mode:LOCK, rate:0, size:7
2025-07-20 20:18:40, EXEC, v:1, k:toalha, mode:LOCK, rate:0, size:7
2025-07-20 20:18:41, EXEC, v:1, k:toalha, mode:LOCK, rate:0, size:7
2025-07-20 20:18:41, EXEC, v:1, k:toalha, mode:LOCK, rate:0, size:7
2025-07-20 20:18:41, EXEC, v:1, k:toalha, mode:LOCK, rate:0, size:7
2025-07-20 20:18:41, EXEC, v:1, k:toalha, mode:LOCK, rate:0, size:7
2025-07-20 20:18:42, EXEC, v:1, k:toalha, mode:LOCK, rate:0, size:7
2025-07-20 20:18:42, EXEC, v:1, k:toalha, mode:LOCK, rate:0, size:7
2025-07-20 20:18:42, EXEC, v:1, k:toalha, mode:LOCK, rate:0, size:7
2025-07-20 20:18:42, EXEC, v:1, k:toalha, mode:LOCK, rate:0, size:7
2025-07-20 20:18:42, EXEC, v:1, k:toalha, mode:LOCK, rate:0, size:7
2025-07-20 20:18:43, MOVE, v:1, k:toalha, mode:BACK
2025-07-20 20:18:45, SELF, v:1, k:toalha
2025-07-20 20:18:47, MOVE, v:1, k:toalha, mode:PICK
2025-07-20 20:18:48, EXEC, v:1, k:toalha, mode:LOCK, rate:0
2025-07-20 20:18:49, MOVE, v:1, k:toalha, mode:BACK
2025-07-20 20:19:04, MOVE, v:1, k:toalha, mode:PICK
2025-07-20 20:19:05, EXEC, v:1, k:toalha, mode:LOCK, rate:0
2025-07-20 20:19:06, EXEC, v:1, k:toalha, mode:LOCK, rate:0
2025-07-20 20:19:09, EXEC, v:1, k:toalha, mode:LOCK, rate:0
2025-07-20 20:19:19, MOVE, v:1, k:toalha, mode:BACK
