2026-01-13 08:45:20, MOVE, v:1, k:zoo, mode:DOWN
2026-01-13 08:46:22, MOVE, v:1, k:pagamento, mode:DOWN
2026-01-13 09:00:03, MOVE, v:1, k:pagamento, mode:PICK
2026-01-13 09:00:09, EXEC, v:1, k:pagamento, mode:LOCK, rate:0, size:69
2026-01-13 09:04:45, MOVE, v:1, k:pagamento, mode:BACK
2026-01-13 09:04:48, MOVE, v:1, k:shapes, mode:DOWN
2026-01-13 12:06:41, MOVE, v:1, k:shapes, mode:PICK
2026-01-13 12:06:42, EXEC, v:1, k:shapes, mode:FREE, size:152
2026-01-13 12:07:47, MOVE, v:1, k:shapes, mode:PICK
2026-01-13 12:07:47, EXEC, v:1, k:shapes, mode:FREE, size:151
2026-01-13 12:08:14, EXEC, v:1, k:shapes, mode:FULL, rate:60
2026-01-13 12:08:48, EXEC, v:1, k:shapes, mode:FULL, rate:0, size:152
2026-01-13 12:08:59, EXEC, v:1, k:shapes, mode:FULL, rate:0, size:152
2026-01-13 12:09:29, MOVE, v:1, k:shapes, mode:PICK
2026-01-13 12:09:30, EXEC, v:1, k:shapes, mode:FREE
2026-01-13 12:09:45, MOVE, v:1, k:shapes, mode:BACK
2026-01-13 12:09:49, MOVE, v:1, k:cofre, mode:PICK
2026-01-13 12:09:50, EXEC, v:1, k:cofre, mode:FREE
2026-01-13 12:10:09, EXEC, v:1, k:cofre, mode:FULL, rate:100
2026-01-13 12:10:10, MOVE, v:1, k:cofre, mode:BACK
2026-01-13 12:10:27, MOVE, v:1, k:shapes, mode:PICK
2026-01-13 12:10:31, EXEC, v:1, k:shapes, mode:FREE
2026-01-13 12:11:54, EXEC, v:1, k:shapes, mode:FREE
2026-01-13 12:13:38, MOVE, v:1, k:shapes, mode:BACK
2026-01-13 12:13:47, MOVE, v:1, k:shapes, mode:DOWN
2026-01-13 14:59:16, MOVE, v:1, k:estacionamento, mode:PICK
2026-01-13 15:37:25, EXEC, v:1, k:estacionamento, mode:FREE, size:173
2026-01-13 15:39:52, MOVE, v:1, k:estacionamento, mode:PICK
2026-01-13 15:39:53, EXEC, v:1, k:estacionamento, mode:FREE, size:174
2026-01-13 15:48:17, EXEC, v:1, k:estacionamento, mode:FULL, rate:0, size:177
2026-01-13 15:51:01, EXEC, v:1, k:estacionamento, mode:FULL, rate:75, size:178
2026-01-13 15:52:21, EXEC, v:1, k:estacionamento, mode:FULL, rate:75, size:178
2026-01-13 15:53:25, EXEC, v:1, k:estacionamento, mode:FULL, rate:75, size:178
2026-01-13 15:53:59, EXEC, v:1, k:estacionamento, mode:FULL, rate:75, size:178
2026-01-13 15:55:24, EXEC, v:1, k:estacionamento, mode:FULL, rate:75, size:179
2026-01-13 15:55:36, EXEC, v:1, k:estacionamento, mode:FULL, rate:100, size:179
2026-01-13 15:59:08, EXEC, v:1, k:estacionamento, mode:FULL, rate:75, size:182
2026-01-13 15:59:51, EXEC, v:1, k:estacionamento, mode:FULL, rate:100, size:182
2026-01-13 15:59:57, EXEC, v:1, k:estacionamento, mode:FULL, rate:100, size:182
2026-01-13 16:04:57, MOVE, v:1, k:estacionamento, mode:PICK
2026-01-13 16:04:59, EXEC, v:1, k:estacionamento, mode:FULL, rate:100
2026-01-13 16:05:11, MOVE, v:1, k:estacionamento, mode:BACK
