2026-02-02 11:24:08, MOVE, v:1, k:ed@casais, mode:DOWN
2026-02-02 11:29:14, MOVE, v:1, k:ed@casais, mode:PICK
2026-02-02 11:29:15, EXEC, v:1, k:ed@casais, mode:FREE, size:3
2026-02-02 11:38:37, MOVE, v:1, k:ed@casais, mode:PICK
2026-02-02 11:38:38, EXEC, v:1, k:ed@casais, mode:FREE, size:16
2026-02-02 11:39:55, MOVE, v:1, k:ed@casais, mode:PICK
2026-02-02 11:39:57, EXEC, v:1, k:ed@casais, mode:FREE, size:16
2026-02-02 11:50:12, EXEC, v:1, k:ed@casais, mode:FREE, size:19
2026-02-02 12:05:24, EXEC, v:1, k:ed@casais, mode:FULL, rate:0, size:16
2026-02-02 12:05:33, EXEC, v:1, k:ed@casais, mode:FULL, rate:100, size:15
2026-02-02 12:11:02, EXEC, v:1, k:ed@casais, mode:FULL, rate:100, size:15
2026-02-02 12:17:11, MOVE, v:1, k:ed@casais, mode:BACK
2026-02-02 12:18:07, MOVE, v:1, k:ed@baruel, mode:DOWN
2026-02-02 12:18:58, MOVE, v:1, k:ed@baruel, mode:DOWN
2026-02-02 12:38:47, MOVE, v:1, k:ed@baruel, mode:PICK
2026-02-02 12:38:48, EXEC, v:1, k:ed@baruel, mode:FREE, size:18
2026-02-02 12:38:55, MOVE, v:1, k:ed@baruel, mode:PICK
2026-02-02 12:38:57, EXEC, v:1, k:ed@baruel, mode:FREE
2026-02-02 12:55:32, EXEC, v:1, k:ed@baruel, mode:FULL, rate:0, size:23
2026-02-02 13:00:57, EXEC, v:1, k:ed@baruel, mode:FREE, size:24
2026-02-02 13:06:31, MOVE, v:1, k:ed@baruel, mode:PICK
2026-02-02 13:06:32, EXEC, v:1, k:ed@baruel, mode:FREE, size:27
2026-02-02 13:07:06, EXEC, v:1, k:ed@baruel, mode:FULL, rate:0, size:28
2026-02-02 13:07:44, EXEC, v:1, k:ed@baruel, mode:FULL, rate:0, size:29
2026-02-02 13:08:32, EXEC, v:1, k:ed@baruel, mode:FULL, rate:0, size:29
2026-02-02 13:09:43, EXEC, v:1, k:ed@baruel, mode:FULL, rate:0, size:29
2026-02-02 13:09:55, EXEC, v:1, k:ed@baruel, mode:FULL, rate:0, size:29
2026-02-02 13:10:37, EXEC, v:1, k:ed@baruel, mode:FULL, rate:0, size:30
2026-02-02 13:13:00, EXEC, v:1, k:ed@baruel, mode:FULL, rate:0, size:32
2026-02-02 13:13:39, EXEC, v:1, k:ed@baruel, mode:FULL, rate:25, size:40
2026-02-02 13:14:45, EXEC, v:1, k:ed@baruel, mode:FULL, rate:100, size:43
2026-02-02 13:16:52, EXEC, v:1, k:ed@baruel, mode:FULL, rate:100, size:63
